{
  "RSpec": {
    "coverage": {
      "/Users/cionescu1/Dropbox/work/algorithms/cc/storiq/spec/system/master_spec.rb": [
        1,
        null,
        1,
        4,
        4,
        4,
        4,
        null,
        1,
        3,
        3,
        null,
        null,
        1,
        1,
        null,
        null,
        1,
        1,
        null,
        null,
        1,
        1,
        null,
        null,
        1,
        1,
        null,
        1,
        1,
        1,
        null,
        null,
        1,
        1,
        null,
        1,
        null,
        1,
        null,
        null,
        1,
        1,
        1,
        1,
        null,
        null,
        1,
        1,
        null,
        null
      ],
      "/Users/cionescu1/Dropbox/work/algorithms/cc/storiq/spec/rails_helper.rb": [
        null,
        1,
        1,
        1,
        null,
        1,
        1,
        1,
        null,
        null,
        null,
        null,
        null,
        null,
        null,
        null,
        null,
        null,
        null,
        null,
        null,
        null,
        null,
        null,
        null,
        null,
        null,
        1,
        null,
        1,
        null,
        1,
        null,
        null,
        null,
        null,
        1,
        null,
        null,
        null,
        null,
        null,
        null,
        null,
        null,
        null,
        null,
        null,
        null,
        null,
        null,
        1,
        null,
        null,
        1,
        null,
        null,
        null
      ],
      "/Users/cionescu1/Dropbox/work/algorithms/cc/storiq/app/helpers/application_helper.rb": [
        1,
        1,
        1,
        null,
        0,
        null,
        0,
        null,
        1,
        null,
        0,
        null,
        1,
        null,
        null
      ],
      "/Users/cionescu1/Dropbox/work/algorithms/cc/storiq/app/helpers/entities_helper.rb": [
        1,
        1,
        22,
        22,
        null,
        18,
        null,
        null
      ],
      "/Users/cionescu1/Dropbox/work/algorithms/cc/storiq/spec/support/factory_bot.rb": [
        1,
        1,
        null
      ],
      "/Users/cionescu1/Dropbox/work/algorithms/cc/storiq/app/models/entity.rb": [
        null,
        null,
        null,
        null,
        null,
        null,
        null,
        null,
        null,
        null,
        null,
        null,
        null,
        null,
        null,
        null,
        1,
        1,
        null,
        1,
        1,
        null,
        1,
        null,
        1,
        1,
        null,
        5,
        null,
        1,
        9,
        8,
        null,
        null,
        1,
        9,
        9,
        8,
        null,
        null,
        1,
        null,
        1,
        14,
        14,
        4,
        5,
        null,
        4,
        null,
        null
      ],
      "/Users/cionescu1/Dropbox/work/algorithms/cc/storiq/app/models/application_record.rb": [
        1,
        1,
        null
      ],
      "/Users/cionescu1/Dropbox/work/algorithms/cc/storiq/app/models/review.rb": [
        null,
        null,
        null,
        null,
        null,
        null,
        null,
        null,
        null,
        null,
        null,
        null,
        null,
        null,
        null,
        null,
        null,
        null,
        null,
        null,
        1,
        1,
        null,
        1,
        null
      ],
      "/Users/cionescu1/Dropbox/work/algorithms/cc/storiq/app/controllers/entities_controller.rb": [
        1,
        1,
        4,
        4,
        null,
        null,
        1,
        1,
        1,
        1,
        null,
        null,
        0,
        null,
        null,
        null,
        1,
        null,
        1,
        1,
        null,
        null
      ],
      "/Users/cionescu1/Dropbox/work/algorithms/cc/storiq/app/controllers/application_controller.rb": [
        1,
        null
      ]
    },
    "timestamp": 1528117780
  }
}
